This is pdfTeX, Version 3.14159265-2.6-1.40.21 (TeX Live 2020/Arch Linux) (preloaded format=pdflatex 2020.10.6)  31 OCT 2020 11:24
entering extended mode
 restricted \write18 enabled.
 %&-line parsing enabled.
**main.tex
(./main.tex
LaTeX2e <2020-02-02> patch level 5
L3 programming layer <2020-06-03>
(/usr/share/texmf-dist/tex/latex/base/article.cls
Document Class: article 2019/12/20 v1.4l Standard LaTeX document class
(/usr/share/texmf-dist/tex/latex/base/size11.clo
File: size11.clo 2019/12/20 v1.4l Standard LaTeX file (size option)
)
\c@part=\count167
\c@section=\count168
\c@subsection=\count169
\c@subsubsection=\count170
\c@paragraph=\count171
\c@subparagraph=\count172
\c@figure=\count173
\c@table=\count174
\abovecaptionskip=\skip47
\belowcaptionskip=\skip48
\bibindent=\dimen134
)
(/usr/share/texmf-dist/tex/latex/base/inputenc.sty
Package: inputenc 2018/08/11 v1.3c Input encoding file
\inpenc@prehook=\toks15
\inpenc@posthook=\toks16
)
(/usr/share/texmf-dist/tex/generic/babel/babel.sty
Package: babel 2020/05/13 3.44 The Babel package

(/usr/share/texmf-dist/tex/generic/babel/babel.def
File: babel.def 2020/05/13 3.44 Babel common definitions
\babel@savecnt=\count175
\U@D=\dimen135
\l@babelnohyphens=\language86

(/usr/share/texmf-dist/tex/generic/babel/txtbabel.def)
\bbl@readstream=\read2
)
\bbl@dirlevel=\count176

(/usr/share/texmf-dist/tex/generic/babel-hungarian/magyar.ldf
Language: hungarian 2019/01/14 v1.5c Magyar (Hungarian) support for babel
Package babel Info: Making ` an active character on input line 2819.
\c@footnote@add=\count177
\c@footnote@ch=\count178
))
(/usr/share/texmf-dist/tex/latex/base/t1enc.sty
Package: t1enc 1994/06/01 Standard LaTeX package
)
(/usr/share/texmf-dist/tex/latex/isodate/isodate.sty
Package: isodate 2010/01/03 v2.30 Print dates with different formats (HH)

(/usr/share/texmf-dist/tex/latex/base/ifthen.sty
Package: ifthen 2014/09/29 v1.1c Standard LaTeX ifthen package (DPC)
)
(/usr/share/texmf-dist/tex/latex/substr/substr.sty
Package: substr 2009/10/20 v1.2 Handle substrings
\c@su@anzahl=\count179
)
(/usr/share/texmf-dist/tex/latex/isodate/english.idf
File: english.idf 2010/01/03 v2.30 Language definitions for isodate package (HH
)

Define commands for English date format
)
\c@iso@tmpmonth=\count180
\c@iso@yeartwo=\count181
\c@iso@slash=\count182
\c@iso@minus=\count183
\c@iso@dot=\count184
\c@iso@@slash=\count185
\c@iso@@minus=\count186
\c@iso@@dot=\count187
) (/usr/share/texmf-dist/tex/latex/parskip/parskip.sty
Package: parskip 2020-05-19 v2.0e non-zero parskip adjustments

(/usr/share/texmf-dist/tex/latex/kvoptions/kvoptions.sty
Package: kvoptions 2019/11/29 v3.13 Key value format for package options (HO)

(/usr/share/texmf-dist/tex/latex/graphics/keyval.sty
Package: keyval 2014/10/28 v1.15 key=value parser (DPC)
\KV@toks@=\toks17
)
(/usr/share/texmf-dist/tex/generic/ltxcmds/ltxcmds.sty
Package: ltxcmds 2019/12/15 v1.24 LaTeX kernel commands for general use (HO)
)
(/usr/share/texmf-dist/tex/generic/kvsetkeys/kvsetkeys.sty
Package: kvsetkeys 2019/12/15 v1.18 Key value parser (HO)
))
(/usr/share/texmf-dist/tex/latex/etoolbox/etoolbox.sty
Package: etoolbox 2019/09/21 v2.5h e-TeX tools for LaTeX (JAW)
\etb@tempcnta=\count188
))
(/usr/share/texmf-dist/tex/latex/libertine/libertine.sty
Package: libertine 2020/03/26 (Bob Tennent) Supports Libertine and Biolinum fon
ts for all LaTeX engines.

(/usr/share/texmf-dist/tex/generic/iftex/ifxetex.sty
Package: ifxetex 2019/10/25 v0.7 ifxetex legacy package. Use iftex instead.

(/usr/share/texmf-dist/tex/generic/iftex/iftex.sty
Package: iftex 2020/03/06 v1.0d TeX engine tests
))
(/usr/share/texmf-dist/tex/generic/iftex/ifluatex.sty
Package: ifluatex 2019/10/25 v1.5 ifluatex legacy package. Use iftex instead.
)
(/usr/share/texmf-dist/tex/latex/xkeyval/xkeyval.sty
Package: xkeyval 2014/12/03 v2.7a package option processing (HA)

(/usr/share/texmf-dist/tex/generic/xkeyval/xkeyval.tex
(/usr/share/texmf-dist/tex/generic/xkeyval/xkvutils.tex
\XKV@toks=\toks18
\XKV@tempa@toks=\toks19
)
\XKV@depth=\count189
File: xkeyval.tex 2014/12/03 v2.7a key=value parser (HA)
))
(/usr/share/texmf-dist/tex/latex/base/textcomp.sty
Package: textcomp 2020/02/02 v2.0n Standard LaTeX package
)
(/usr/share/texmf-dist/tex/latex/base/fontenc.sty
Package: fontenc 2020/02/11 v2.0o Standard LaTeX package
)
(/usr/share/texmf-dist/tex/latex/fontaxes/fontaxes.sty
Package: fontaxes 2014/03/23 v1.0d Font selection axes
LaTeX Info: Redefining \upshape on input line 29.
LaTeX Info: Redefining \itshape on input line 31.
LaTeX Info: Redefining \slshape on input line 33.
LaTeX Info: Redefining \swshape on input line 35.
LaTeX Info: Redefining \scshape on input line 37.
LaTeX Info: Redefining \sscshape on input line 39.
LaTeX Info: Redefining \ulcshape on input line 41.
LaTeX Info: Redefining \textsw on input line 47.
LaTeX Info: Redefining \textssc on input line 48.
LaTeX Info: Redefining \textulc on input line 49.
)
LaTeX Info: Redefining \oldstylenums on input line 484.

(/usr/share/texmf-dist/tex/latex/libertine/LinLibertine_I.tex))
(/usr/share/texmf-dist/tex/latex/graphics/graphicx.sty
Package: graphicx 2019/11/30 v1.2a Enhanced LaTeX Graphics (DPC,SPQR)

(/usr/share/texmf-dist/tex/latex/graphics/graphics.sty
Package: graphics 2019/11/30 v1.4a Standard LaTeX Graphics (DPC,SPQR)

(/usr/share/texmf-dist/tex/latex/graphics/trig.sty
Package: trig 2016/01/03 v1.10 sin cos tan (DPC)
)
(/usr/share/texmf-dist/tex/latex/graphics-cfg/graphics.cfg
File: graphics.cfg 2016/06/04 v1.11 sample graphics configuration
)
Package graphics Info: Driver file: pdftex.def on input line 105.

(/usr/share/texmf-dist/tex/latex/graphics-def/pdftex.def
File: pdftex.def 2018/01/08 v1.0l Graphics/color driver for pdftex
))
\Gin@req@height=\dimen136
\Gin@req@width=\dimen137
)
(/usr/share/texmf-dist/tex/latex/tools/multicol.sty
Package: multicol 2019/12/09 v1.8y multicolumn formatting (FMi)
\c@tracingmulticols=\count190
\mult@box=\box45
\multicol@leftmargin=\dimen138
\c@unbalance=\count191
\c@collectmore=\count192
\doublecol@number=\count193
\multicoltolerance=\count194
\multicolpretolerance=\count195
\full@width=\dimen139
\page@free=\dimen140
\premulticols=\dimen141
\postmulticols=\dimen142
\multicolsep=\skip49
\multicolbaselineskip=\skip50
\partial@page=\box46
\last@line=\box47
\maxbalancingoverflow=\dimen143
\mult@rightbox=\box48
\mult@grightbox=\box49
\mult@gfirstbox=\box50
\mult@firstbox=\box51
\@tempa=\box52
\@tempa=\box53
\@tempa=\box54
\@tempa=\box55
\@tempa=\box56
\@tempa=\box57
\@tempa=\box58
\@tempa=\box59
\@tempa=\box60
\@tempa=\box61
\@tempa=\box62
\@tempa=\box63
\@tempa=\box64
\@tempa=\box65
\@tempa=\box66
\@tempa=\box67
\@tempa=\box68
\@tempa=\box69
\@tempa=\box70
\@tempa=\box71
\@tempa=\box72
\@tempa=\box73
\@tempa=\box74
\@tempa=\box75
\@tempa=\box76
\@tempa=\box77
\@tempa=\box78
\@tempa=\box79
\@tempa=\box80
\@tempa=\box81
\@tempa=\box82
\@tempa=\box83
\@tempa=\box84
\@tempa=\box85
\@tempa=\box86
\@tempa=\box87
\@tempa=\box88
\c@minrows=\count196
\c@columnbadness=\count197
\c@finalcolumnbadness=\count198
\last@try=\dimen144
\multicolovershoot=\dimen145
\multicolundershoot=\dimen146
\mult@nat@firstbox=\box89
\colbreak@box=\box90
\mc@col@check@num=\count199
)
(/usr/share/texmf-dist/tex/latex/subfiles/subfiles.sty
Package: subfiles 2020/02/14 v1.6 Multi-file projects (package)

(/usr/share/texmf-dist/tex/latex/import/import.sty
Package: import 2020/04/01  v 6.2
))
(/usr/share/texmf-dist/tex/latex/geometry/geometry.sty
Package: geometry 2020/01/02 v5.9 Page Geometry

(/usr/share/texmf-dist/tex/generic/iftex/ifvtex.sty
Package: ifvtex 2019/10/25 v1.7 ifvtex legacy package. Use iftex instead.
)
\Gm@cnth=\count266
\Gm@cntv=\count267
\c@Gm@tempcnt=\count268
\Gm@bindingoffset=\dimen147
\Gm@wd@mp=\dimen148
\Gm@odd@mp=\dimen149
\Gm@even@mp=\dimen150
\Gm@layoutwidth=\dimen151
\Gm@layoutheight=\dimen152
\Gm@layouthoffset=\dimen153
\Gm@layoutvoffset=\dimen154
\Gm@dimlist=\toks20
)
(/usr/share/texmf-dist/tex/latex/hyperref/hyperref.sty
Package: hyperref 2020-05-15 v7.00e Hypertext links for LaTeX

(/usr/share/texmf-dist/tex/latex/pdftexcmds/pdftexcmds.sty
Package: pdftexcmds 2020-06-04 v0.32 Utility functions of pdfTeX for LuaTeX (HO
)

(/usr/share/texmf-dist/tex/generic/infwarerr/infwarerr.sty
Package: infwarerr 2019/12/03 v1.5 Providing info/warning/error messages (HO)
)
Package pdftexcmds Info: \pdf@primitive is available.
Package pdftexcmds Info: \pdf@ifprimitive is available.
Package pdftexcmds Info: \pdfdraftmode found.
)
(/usr/share/texmf-dist/tex/generic/kvdefinekeys/kvdefinekeys.sty
Package: kvdefinekeys 2019-12-19 v1.6 Define keys (HO)
)
(/usr/share/texmf-dist/tex/generic/pdfescape/pdfescape.sty
Package: pdfescape 2019/12/09 v1.15 Implements pdfTeX's escape features (HO)
)
(/usr/share/texmf-dist/tex/latex/hycolor/hycolor.sty
Package: hycolor 2020-01-27 v1.10 Color options for hyperref/bookmark (HO)
)
(/usr/share/texmf-dist/tex/latex/letltxmacro/letltxmacro.sty
Package: letltxmacro 2019/12/03 v1.6 Let assignment for LaTeX macros (HO)
)
(/usr/share/texmf-dist/tex/latex/auxhook/auxhook.sty
Package: auxhook 2019-12-17 v1.6 Hooks for auxiliary files (HO)
)
\@linkdim=\dimen155
\Hy@linkcounter=\count269
\Hy@pagecounter=\count270

(/usr/share/texmf-dist/tex/latex/hyperref/pd1enc.def
File: pd1enc.def 2020-05-15 v7.00e Hyperref: PDFDocEncoding definition (HO)
Now handling font encoding PD1 ...
... no UTF-8 mapping file for font encoding PD1
)
(/usr/share/texmf-dist/tex/generic/intcalc/intcalc.sty
Package: intcalc 2019/12/15 v1.3 Expandable calculations with integers (HO)
)
(/usr/share/texmf-dist/tex/generic/etexcmds/etexcmds.sty
Package: etexcmds 2019/12/15 v1.7 Avoid name clashes with e-TeX commands (HO)
)
\Hy@SavedSpaceFactor=\count271
Package hyperref Info: Hyper figures OFF on input line 4464.
Package hyperref Info: Link nesting OFF on input line 4469.
Package hyperref Info: Hyper index ON on input line 4472.
Package hyperref Info: Plain pages OFF on input line 4479.
Package hyperref Info: Backreferencing OFF on input line 4484.
Package hyperref Info: Implicit mode ON; LaTeX internals redefined.
Package hyperref Info: Bookmarks ON on input line 4717.
\c@Hy@tempcnt=\count272

(/usr/share/texmf-dist/tex/latex/url/url.sty
\Urlmuskip=\muskip16
Package: url 2013/09/16  ver 3.4  Verb mode for urls, etc.
)
LaTeX Info: Redefining \url on input line 5076.
\XeTeXLinkMargin=\dimen156

(/usr/share/texmf-dist/tex/generic/bitset/bitset.sty
Package: bitset 2019/12/09 v1.3 Handle bit-vector datatype (HO)

(/usr/share/texmf-dist/tex/generic/bigintcalc/bigintcalc.sty
Package: bigintcalc 2019/12/15 v1.5 Expandable calculations on big integers (HO
)
))
\Fld@menulength=\count273
\Field@Width=\dimen157
\Fld@charsize=\dimen158
Package hyperref Info: Hyper figures OFF on input line 6347.
Package hyperref Info: Link nesting OFF on input line 6352.
Package hyperref Info: Hyper index ON on input line 6355.
Package hyperref Info: backreferencing OFF on input line 6362.
Package hyperref Info: Link coloring OFF on input line 6367.
Package hyperref Info: Link coloring with OCG OFF on input line 6372.
Package hyperref Info: PDF/A mode OFF on input line 6377.
LaTeX Info: Redefining \ref on input line 6417.
LaTeX Info: Redefining \pageref on input line 6421.

(/usr/share/texmf-dist/tex/generic/atbegshi/atbegshi.sty
Package: atbegshi 2019/12/05 v1.19 At begin shipout hook (HO)
)
\Hy@abspage=\count274
\c@Item=\count275
\c@Hfootnote=\count276
)
Package hyperref Info: Driver (autodetected): hpdftex.

(/usr/share/texmf-dist/tex/latex/hyperref/hpdftex.def
File: hpdftex.def 2020-05-15 v7.00e Hyperref driver for pdfTeX

(/usr/share/texmf-dist/tex/latex/atveryend/atveryend.sty
Package: atveryend 2019-12-11 v1.11 Hooks at the very end of document (HO)
)
\Fld@listcount=\count277
\c@bookmark@seq@number=\count278

(/usr/share/texmf-dist/tex/latex/rerunfilecheck/rerunfilecheck.sty
Package: rerunfilecheck 2019/12/05 v1.9 Rerun checks for auxiliary files (HO)

(/usr/share/texmf-dist/tex/generic/uniquecounter/uniquecounter.sty
Package: uniquecounter 2019/12/15 v1.4 Provide unlimited unique counter (HO)
)
Package uniquecounter Info: New unique counter `rerunfilecheck' on input line 2
86.
)
\Hy@SectionHShift=\skip51
)
(/usr/share/texmf-dist/tex/latex/tools/array.sty
Package: array 2019/08/31 v2.4l Tabular extension package (FMi)
\col@sep=\dimen159
\ar@mcellbox=\box91
\extrarowheight=\dimen160
\NC@list=\toks21
\extratabsurround=\skip52
\backup@length=\skip53
\ar@cellbox=\box92
)
(/usr/share/texmf-dist/tex/latex/multirow/multirow.sty
Package: multirow 2019/05/31 v2.5 Span multiple rows of a table
\multirow@colwidth=\skip54
\multirow@cntb=\count279
\multirow@dima=\skip55
\bigstrutjot=\dimen161
)
(/usr/share/texmf-dist/tex/latex/graphics/color.sty
Package: color 2019/11/23 v1.2a Standard LaTeX Color (DPC)

(/usr/share/texmf-dist/tex/latex/graphics-cfg/color.cfg
File: color.cfg 2016/01/02 v1.6 sample color configuration
)
Package color Info: Driver file: pdftex.def on input line 147.
)
(/usr/share/texmf-dist/tex/latex/colortbl/colortbl.sty
Package: colortbl 2020/01/04 v1.0e Color table columns (DPC)
\everycr=\toks22
\minrowclearance=\skip56
)
(/usr/share/texmf-dist/tex/latex/tools/longtable.sty
Package: longtable 2020/01/07 v4.13 Multi-page Table package (DPC)
\LTleft=\skip57
\LTright=\skip58
\LTpre=\skip59
\LTpost=\skip60
\LTchunksize=\count280
\LTcapwidth=\dimen162
\LT@head=\box93
\LT@firsthead=\box94
\LT@foot=\box95
\LT@lastfoot=\box96
\LT@cols=\count281
\LT@rows=\count282
\c@LT@tables=\count283
\c@LT@chunks=\count284
\LT@p@ftn=\toks23
)

Package geometry Warning: Over-specification in `h'-direction.
    `width' (483.69684pt) is ignored.


Package geometry Warning: Over-specification in `v'-direction.
    `height' (731.23582pt) is ignored.

(/usr/share/texmf-dist/tex/latex/l3backend/l3backend-pdfmode.def
File: l3backend-pdfmode.def 2020-06-03 L3 backend support: PDF mode
\l__kernel_color_stack_int=\count285
\l__pdf_internal_box=\box97
) (./main.aux)
LaTeX Font Info:    Checking defaults for OML/cmm/m/it on input line 37.
LaTeX Font Info:    ... okay on input line 37.
LaTeX Font Info:    Checking defaults for OMS/cmsy/m/n on input line 37.
LaTeX Font Info:    ... okay on input line 37.
LaTeX Font Info:    Checking defaults for OT1/cmr/m/n on input line 37.
LaTeX Font Info:    ... okay on input line 37.
LaTeX Font Info:    Checking defaults for T1/cmr/m/n on input line 37.
LaTeX Font Info:    ... okay on input line 37.
LaTeX Font Info:    Checking defaults for TS1/cmr/m/n on input line 37.
LaTeX Font Info:    ... okay on input line 37.
LaTeX Font Info:    Checking defaults for OMX/cmex/m/n on input line 37.
LaTeX Font Info:    ... okay on input line 37.
LaTeX Font Info:    Checking defaults for U/cmr/m/n on input line 37.
LaTeX Font Info:    ... okay on input line 37.
LaTeX Font Info:    Checking defaults for PD1/pdf/m/n on input line 37.
LaTeX Font Info:    ... okay on input line 37.
LaTeX Font Info:    Trying to load font information for T1+LinuxLibertineT-TLF 
on input line 37.

(/usr/share/texmf-dist/tex/latex/libertine/T1LinuxLibertineT-TLF.fd
File: T1LinuxLibertineT-TLF.fd 2017/03/20 (autoinst) Font definitions for T1/Li
nuxLibertineT-TLF.
)
LaTeX Font Info:    Font shape `T1/LinuxLibertineT-TLF/m/n' will be
(Font)              scaled to size 10.95pt on input line 37.

isodate: babel.sty has been loaded
\c@mv@tabular=\count286
\c@mv@boldtabular=\count287
(/usr/share/texmf-dist/tex/context/base/mkii/supp-pdf.mkii
[Loading MPS to PDF converter (version 2006.09.02).]
\scratchcounter=\count288
\scratchdimen=\dimen163
\scratchbox=\box98
\nofMPsegments=\count289
\nofMParguments=\count290
\everyMPshowfont=\toks24
\MPscratchCnt=\count291
\MPscratchDim=\dimen164
\MPnumerator=\count292
\makeMPintoPDFobject=\count293
\everyMPtoPDFconversion=\toks25
) (/usr/share/texmf-dist/tex/latex/epstopdf-pkg/epstopdf-base.sty
Package: epstopdf-base 2020-01-24 v2.11 Base part for package epstopdf
Package epstopdf-base Info: Redefining graphics rule for `.eps' on input line 4
85.

(/usr/share/texmf-dist/tex/latex/latexconfig/epstopdf-sys.cfg
File: epstopdf-sys.cfg 2010/07/13 v1.3 Configuration of (r)epstopdf for TeX Liv
e
))
*geometry* driver: auto-detecting
*geometry* detected driver: pdftex
*geometry* verbose mode - [ preamble ] result:
* driver: pdftex
* paper: a4paper
* layout: <same size as paper>
* layoutoffset:(h,v)=(0.0pt,0.0pt)
* modes: 
* h-part:(L,W,R)=(54.06023pt, 489.38742pt, 54.06023pt)
* v-part:(T,H,B)=(68.2866pt, 708.47363pt, 68.2866pt)
* \paperwidth=597.50787pt
* \paperheight=845.04684pt
* \textwidth=489.38742pt
* \textheight=708.47363pt
* \oddsidemargin=-18.20976pt
* \evensidemargin=-18.20976pt
* \topmargin=-40.98338pt
* \headheight=12.0pt
* \headsep=25.0pt
* \topskip=11.0pt
* \footskip=30.0pt
* \marginparwidth=50.0pt
* \marginparsep=10.0pt
* \columnsep=10.0pt
* \skip\footins=10.0pt plus 4.0pt minus 2.0pt
* \hoffset=0.0pt
* \voffset=0.0pt
* \mag=1000
* \@twocolumnfalse
* \@twosidefalse
* \@mparswitchfalse
* \@reversemarginfalse
* (1in=72.27pt=25.4mm, 1cm=28.453pt)

\AtBeginShipoutBox=\box99
Package hyperref Info: Link coloring OFF on input line 37.
(/usr/share/texmf-dist/tex/latex/hyperref/nameref.sty
Package: nameref 2019/09/16 v2.46 Cross-referencing by name of section

(/usr/share/texmf-dist/tex/latex/refcount/refcount.sty
Package: refcount 2019/12/15 v3.6 Data extraction from label references (HO)
)
(/usr/share/texmf-dist/tex/generic/gettitlestring/gettitlestring.sty
Package: gettitlestring 2019/12/15 v1.6 Cleanup title references (HO)
)
\c@section@level=\count294
)
LaTeX Info: Redefining \ref on input line 37.
LaTeX Info: Redefining \pageref on input line 37.
LaTeX Info: Redefining \nameref on input line 37.

(./main.out) (./main.out)
\@outlinefile=\write3
 (/usr/share/texmf-dist/tex/latex/base/article.cls
LaTeX Info: Redefining \cal on input line 497.
LaTeX Info: Redefining \mit on input line 498.
)
LaTeX Font Info:    Font shape `T1/LinuxLibertineT-TLF/m/n' will be
(Font)              scaled to size 14.4pt on input line 39.
LaTeX Font Info:    Font shape `T1/LinuxLibertineT-TLF/b/n' will be
(Font)              scaled to size 14.4pt on input line 39.

(./main.toc
LaTeX Font Info:    External font `cmex10' loaded for size
(Font)              <10.95> on input line 1.
LaTeX Font Info:    External font `cmex10' loaded for size
(Font)              <8> on input line 1.
LaTeX Font Info:    External font `cmex10' loaded for size
(Font)              <6> on input line 1.
LaTeX Font Info:    Font shape `T1/LinuxLibertineT-TLF/b/n' will be
(Font)              scaled to size 10.95pt on input line 2.
)
\tf@toc=\write4
 (./chapters/1_signature.tex
LaTeX Font Info:    Font shape `T1/LinuxLibertineT-TLF/m/n' will be
(Font)              scaled to size 12.0pt on input line 3.
LaTeX Font Info:    Font shape `T1/LinuxLibertineT-TLF/b/n' will be
(Font)              scaled to size 12.0pt on input line 3.
) (./chapters/2_problem_analysis.tex

! Package inputenc Error: Unicode character 𝑛 (U+1D45B)
(inputenc)                not set up for use with LaTeX.

See the inputenc package documentation for explanation.
Type  H <return>  for immediate help.
 ...                                              
                                                  
l.5 ...os célja, hogy adott lépésszámon (4𝑛
                                                  ) belül bekerítse a mene...

You may provide a definition with
\DeclareUnicodeCharacter 

<./images/HuntingUseCases.png, id=75, 691.58376pt x 863.225pt>
File: ./images/HuntingUseCases.png Graphic file (type png)
<use ./images/HuntingUseCases.png>
Package pdftex.def Info: ./images/HuntingUseCases.png  used on input line 16.
(pdftex.def)             Requested size: 171.28857pt x 213.79044pt.
[1


{/var/lib/texmf/fonts/map/pdftex/updmap/pdftex.map}])
(./chapters/3_use_case.tex
Overfull \hbox (16.64122pt too wide) in alignment at lines 5--49
 [] [] [] [] 
 []


Underfull \vbox (badness 10000) detected at line 49
 []


Overfull \hbox (16.64122pt too wide) in alignment at lines 49--56
 [] [] [] [] 
 []

[2 <./images/HuntingUseCases.png>] [3]
<./images/MainWindow.png, id=95, 1027.84pt x 602.25pt>
File: ./images/MainWindow.png Graphic file (type png)
<use ./images/MainWindow.png>
Package pdftex.def Info: ./images/MainWindow.png  used on input line 64.
(pdftex.def)             Requested size: 489.38742pt x 286.75174pt.
<./images/WINdow.png, id=96, 554.07pt x 554.07pt>
File: ./images/WINdow.png Graphic file (type png)
<use ./images/WINdow.png>
Package pdftex.def Info: ./images/WINdow.png  used on input line 71.
(pdftex.def)             Requested size: 244.69371pt x 244.69617pt.
<./images/Saving.png, id=97, 1027.84pt x 602.25pt>
File: ./images/Saving.png Graphic file (type png)
<use ./images/Saving.png>
Package pdftex.def Info: ./images/Saving.png  used on input line 81.
(pdftex.def)             Requested size: 489.38742pt x 286.75174pt.
 [4 <./images/MainWindow.png> <./images/WINdow.png>]) (./chapters/4_technical_a
nalysis.tex
LaTeX Font Info:    Font shape `T1/LinuxLibertineT-TLF/m/it' will be
(Font)              scaled to size 10.95pt on input line 9.
<./images/structQDataStreamSerializable__inherit__graph.png, id=104, 435.6275pt
 x 376.40625pt>
File: ./images/structQDataStreamSerializable__inherit__graph.png Graphic file (
type png)
<use ./images/structQDataStreamSerializable__inherit__graph.png>
Package pdftex.def Info: ./images/structQDataStreamSerializable__inherit__graph
.png  used on input line 12.
(pdftex.def)             Requested size: 269.16457pt x 232.5711pt.
<./images/classSerializer__coll__graph.png, id=105, 171.64125pt x 176.66pt>
File: ./images/classSerializer__coll__graph.png Graphic file (type png)
<use ./images/classSerializer__coll__graph.png>
Package pdftex.def Info: ./images/classSerializer__coll__graph.png  used on inp
ut line 19.
(pdftex.def)             Requested size: 146.81772pt x 151.11055pt.
 [5 <./images/Saving.png> <./images/structQDataStreamSerializable__inherit__gra
ph.png>]
<images/classBoardUtility__coll__graph.png, id=113, 183.68625pt x 249.93375pt>
File: images/classBoardUtility__coll__graph.png Graphic file (type png)
<use images/classBoardUtility__coll__graph.png>
Package pdftex.def Info: images/classBoardUtility__coll__graph.png  used on inp
ut line 35.
(pdftex.def)             Requested size: 122.34685pt x 166.47462pt.
<./images/structkd417d_1_1eva_1_1HuntingBoardData__coll__graph.png, id=114, 219
.82124pt x 376.40625pt>
File: ./images/structkd417d_1_1eva_1_1HuntingBoardData__coll__graph.png Graphic
 file (type png)
<use ./images/structkd417d_1_1eva_1_1HuntingBoardData__coll__graph.png>
Package pdftex.def Info: ./images/structkd417d_1_1eva_1_1HuntingBoardData__coll
__graph.png  used on input line 39.
(pdftex.def)             Requested size: 146.81772pt x 251.404pt.
<./images/classkd417d_1_1eva_1_1HuntingBoard__inherit__graph.png, id=115, 370.3
8374pt x 936.49875pt>
File: ./images/classkd417d_1_1eva_1_1HuntingBoard__inherit__graph.png Graphic f
ile (type png)
<use ./images/classkd417d_1_1eva_1_1HuntingBoard__inherit__graph.png>
Package pdftex.def Info: ./images/classkd417d_1_1eva_1_1HuntingBoard__inherit__
graph.png  used on input line 46.
(pdftex.def)             Requested size: 195.75197pt x 494.95586pt.

Overfull \vbox (42.50612pt too high) has occurred while \output is active []


Overfull \vbox (42.50612pt too high) has occurred while \output is active []


Overfull \vbox (42.50612pt too high) has occurred while \output is active []


[6 <./images/classSerializer__coll__graph.png> <./images/classBoardUtility__col
l__graph.png> <./images/structkd417d_1_1eva_1_1HuntingBoardData__coll__graph.pn
g> <./images/classkd417d_1_1eva_1_1HuntingBoard__inherit__graph.png>]
Underfull \hbox (badness 10000) in paragraph at lines 51--54

 []


Underfull \hbox (badness 10000) in paragraph at lines 55--58

 []

<./images/classHuntingMainWindow__coll__graph.png, id=123, 193.72375pt x 508.90
125pt>
File: ./images/classHuntingMainWindow__coll__graph.png Graphic file (type png)
<use ./images/classHuntingMainWindow__coll__graph.png>
Package pdftex.def Info: ./images/classHuntingMainWindow__coll__graph.png  used
 on input line 67.
(pdftex.def)             Requested size: 122.34685pt x 321.40154pt.
<./images/classkd417d_1_1eva_1_1logic_1_1ISettingsChangedObserver__inherit__gra
ph.png, id=124, 1161.33875pt x 1143.27126pt>
File: ./images/classkd417d_1_1eva_1_1logic_1_1ISettingsChangedObserver__inherit
__graph.png Graphic file (type png)
<use ./images/classkd417d_1_1eva_1_1logic_1_1ISettingsChangedObserver__inherit_
_graph.png>
Package pdftex.def Info: ./images/classkd417d_1_1eva_1_1logic_1_1ISettingsChang
edObserver__inherit__graph.png  used on input line 76.
(pdftex.def)             Requested size: 489.38742pt x 481.77559pt.
[7 <./images/classHuntingMainWindow__coll__graph.png>] [8 <./images/classkd417d
_1_1eva_1_1logic_1_1ISettingsChangedObserver__inherit__graph.png>])
Package atveryend Info: Empty hook `BeforeClearDocument' on input line 53.
 [9]
Package atveryend Info: Empty hook `AfterLastShipout' on input line 53.

(./main.aux)
Package atveryend Info: Executing hook `AtVeryEndDocument' on input line 53.
Package atveryend Info: Executing hook `AtEndAfterFileList' on input line 53.
Package rerunfilecheck Info: File `main.out' has not changed.
(rerunfilecheck)             Checksum: 10D702AFC566CF31793D58B85FEEF58C;945.
 ) 
Here is how much of TeX's memory you used:
 9768 strings out of 480478
 157375 string characters out of 5905959
 471472 words of memory out of 5000000
 25548 multiletter control sequences out of 15000+600000
 571993 words of font info for 46 fonts, out of 8000000 for 9000
 1141 hyphenation exceptions out of 8191
 34i,8n,64p,1099b,573s stack positions out of 5000i,500n,10000p,200000b,80000s
{/usr/share/texmf-dist/fonts/enc/dvips/libertine/lbtn_7grukw.enc}{/usr/share/
texmf-dist/fonts/enc/dvips/libertine/lbtn_76gpa5.enc}{/usr/share/texmf-dist/fon
ts/enc/dvips/libertine/lbtn_nh77jq.enc}</usr/share/texmf-dist/fonts/type1/publi
c/libertine/LinLibertineT.pfb></usr/share/texmf-dist/fonts/type1/public/liberti
ne/LinLibertineTB.pfb></usr/share/texmf-dist/fonts/type1/public/libertine/LinLi
bertineTI.pfb>
Output written on main.pdf (9 pages, 707487 bytes).
PDF statistics:
 164 PDF objects out of 1000 (max. 8388607)
 127 compressed objects within 2 object streams
 26 named destinations out of 1000 (max. 500000)
 168 words of extra memory for PDF output out of 10000 (max. 10000000)

